<?xml version="1.0"?>
<component name="org.nuxeo.ecm.mqueues.kafka.tests.contrib">

  <extension target="org.nuxeo.ecm.mqueues.importer.kafka.service" point="kafkaConfig">
    <!-- the RANDOM() topicPrefix will change on each server start, this is useful for unit testing -->
    <kafkaConfig name="default" zkServers="localhost:2181" topicPrefix="RANDOM()">
      <producerProperties>
        <property name="bootstrap.servers">localhost:9092</property>
      </producerProperties>
      <consumerProperties>
        <property name="bootstrap.servers">localhost:9092</property>
        <property name="request.timeout.ms">30000</property>
        <property name="max.poll.interval.ms">20000</property>
        <property name="session.timeout.ms">10000</property>
        <property name="heartbeat.interval.ms">400</property>
        <property name="max.poll.records">25</property>
      </consumerProperties>
    </kafkaConfig>

    <kafkaConfig name="no-subscribe" zkServers="localhost:2181" topicPrefix="RANDOM()">
      <producerProperties>
        <property name="bootstrap.servers">localhost:9092</property>
      </producerProperties>
      <consumerProperties>
        <property name="subscribe.disable">true</property>
        <property name="bootstrap.servers">localhost:9092</property>
        <property name="request.timeout.ms">30000</property>
        <property name="max.poll.interval.ms">20000</property>
        <property name="session.timeout.ms">10000</property>
        <property name="heartbeat.interval.ms">400</property>
        <property name="max.poll.records">25</property>
      </consumerProperties>
    </kafkaConfig>

    <kafkaConfig name="config2" zkServers="remote:2181" topicPrefix="foo">
      <producerProperties>
        <property name="bootstrap.servers">remote:9092</property>
      </producerProperties>
    </kafkaConfig>

  </extension>
</component>