<?xml version="1.0"?>
<component name="org.nuxeo.ecm.mqueues.work.config.test" version="1.0">

  <extension target="org.nuxeo.ecm.core.work.service" point="queues">
    <queue id="SleepWork">
      <name>Sleep Work Queue</name>
      <maxThreads>12</maxThreads>
      <category>SleepWork</category>
    </queue>
  </extension>

</component>
