<?xml version="1.0" encoding="UTF-8"?>
<component name="org.nuxeo.ecm.platform.mqueues.tests.audit.listener" version="1.0">
  <require>org.nuxeo.ecm.platform.audit.service.NXAuditEventsService</require>

  <extension target="org.nuxeo.ecm.core.event.EventServiceComponent" point="listener">
    <!-- Override the audit listener with our sync impl -->
    <listener name="auditLoggerListener" async="false" postCommit="false" priority="500"
      class="org.nuxeo.ecm.platform.mqueues.audit.AuditEventListener" />
  </extension>

  <extension target="org.nuxeo.ecm.platform.mqueues.service" point="config">
    <config name="audit" type="chronicle" />
  </extension>

  <extension target="org.nuxeo.ecm.platform.mqueues.service" point="topology">
    <topology name="auditLogWriter" config="audit" defaultConcurrency="1" defaultPartitions="1"
      class="org.nuxeo.ecm.platform.mqueues.audit.AuditLogWriter">
      <option name="batchSize">10</option>
      <option name="batchTimeThresholdMs">200</option>
    </topology>
  </extension>

</component>