<?xml version="1.0"?>
<component name="org.nuxeo.ecm.platform.mqueues.tests.service.contrib">

  <extension target="org.nuxeo.ecm.platform.mqueues.service" point="config">
    <config name="default" />
    <config name="work" />
    <config name="import" />
  </extension>

</component>