<?xml version="1.0"?>
<component name="org.nuxeo.ecm.platform.mqueues.tests.service.contrib">

  <extension target="org.nuxeo.ecm.platform.mqueues.service" point="config">

    <config name="default" type="kafka">
      <option name="config">default</option>
      <queue name="foo" size="10" />
    </config>

    <config name="work" type="kafka">
      <option name="config">default</option>
    </config>

    <config name="import" type="kafka">
      <option name="config">default</option>
    </config>

  </extension>

</component>